/*C4*/SET SCHEMA PUBLIC
INSERT INTO TABLES VALUES(0,'Dami\u00e1n')
COMMIT
INSERT INTO TABLES VALUES(1,'Lomas')
COMMIT
INSERT INTO TABLES VALUES(2,'Camiseta roja')
COMMIT
INSERT INTO TABLES VALUES(3,'Los que comen hierba')
COMMIT
INSERT INTO TABLES VALUES(4,'Mesa 4')
COMMIT
INSERT INTO TABLES VALUES(5,'Mesa 5')
COMMIT
INSERT INTO TABLES VALUES(6,'Mesa 6')
COMMIT
INSERT INTO TABLES VALUES(7,'Mesa 7')
COMMIT
INSERT INTO TABLES VALUES(8,'Mesa 8')
COMMIT
INSERT INTO TABLES VALUES(9,'Mesa 9')
COMMIT
INSERT INTO TABLES VALUES(10,'Mesa 10')
COMMIT
INSERT INTO TABLES VALUES(11,'Mesa 11')
COMMIT
INSERT INTO TABLES VALUES(12,'Mesa 12')
COMMIT
INSERT INTO TABLES VALUES(13,'Mesa 13')
COMMIT
INSERT INTO TABLES VALUES(14,'Mesa 14')
COMMIT
INSERT INTO TABLES VALUES(15,'Mesa 15')
COMMIT
INSERT INTO TABLES VALUES(16,'Mesa 16')
COMMIT
INSERT INTO TABLES VALUES(17,'Mesa 17')
COMMIT
INSERT INTO TABLES VALUES(18,'Mesa 18')
COMMIT
INSERT INTO TABLES VALUES(19,'Mesa 19')
COMMIT
INSERT INTO TABLES VALUES(20,'Mesa 20')
COMMIT
INSERT INTO TABLES VALUES(21,'Mesa 21')
COMMIT
INSERT INTO TABLES VALUES(22,'Mesa 22')
COMMIT
INSERT INTO TABLES VALUES(23,'Mesa 23')
COMMIT
INSERT INTO TABLES VALUES(24,'Mesa 24')
COMMIT
INSERT INTO TABLES VALUES(25,'Mesa 25')
COMMIT
INSERT INTO TABLES VALUES(26,'Mesa 26')
COMMIT
INSERT INTO TABLES VALUES(27,'Mesa 27')
COMMIT
INSERT INTO TABLES VALUES(28,'Mesa 28')
COMMIT
INSERT INTO TABLES VALUES(29,'Mesa 29')
COMMIT
INSERT INTO TABLES VALUES(30,'Mesa 30')
COMMIT
INSERT INTO TABLES VALUES(31,'Mesa 31')
COMMIT
INSERT INTO TABLES VALUES(32,'Mesa 32')
COMMIT
INSERT INTO PRODUCT VALUES(0,'Vino con lim\u00f3n',1.5E0)
COMMIT
INSERT INTO PRODUCT VALUES(1,'Vino con blanca',1.5E0)
COMMIT
INSERT INTO PRODUCT VALUES(2,'CocaCola',1.5E0)
COMMIT
INSERT INTO PRODUCT VALUES(3,'CocaCola Light',1.5E0)
COMMIT
INSERT INTO PRODUCT VALUES(4,'Nestea',1.5E0)
COMMIT
INSERT INTO PRODUCT VALUES(5,'Aquarius',1.5E0)
COMMIT
INSERT INTO PRODUCT VALUES(6,'Ca\u00f1a Con',1.5E0)
COMMIT
INSERT INTO PRODUCT VALUES(7,'Ca\u00f1a Sin',1.5E0)
COMMIT
INSERT INTO PRODUCT VALUES(8,'Jarra Con',1.5E0)
COMMIT
INSERT INTO PRODUCT VALUES(9,'Jarra Sin',1.5E0)
COMMIT
INSERT INTO PRODUCT VALUES(10,'Botell\u00edn Con Estrella',1.5E0)
COMMIT
INSERT INTO PRODUCT VALUES(11,'Botell\u00edn Sin',1.5E0)
COMMIT
INSERT INTO PRODUCT VALUES(12,'Botell\u00edn Mahou',1.5E0)
COMMIT
INSERT INTO PRODUCT VALUES(13,'Botell\u00edn Cruzcampo',1.5E0)
COMMIT
INSERT INTO PRODUCT VALUES(14,'Tercio',1.5E0)
COMMIT
INSERT INTO PRODUCT VALUES(15,'Shandy',1.5E0)
COMMIT
INSERT INTO PRODUCT VALUES(16,'Caf\u00e9',1.5E0)
COMMIT
INSERT INTO PRODUCT VALUES(17,'Botell\u00edn Agua',0.6E0)
COMMIT
INSERT INTO PRODUCT VALUES(18,'Botella Grande Agua',1.5E0)
COMMIT
DISCONNECT
/*C5*/SET SCHEMA PUBLIC
DISCONNECT
